2021-11-22 16:26:51.891  INFO 9632 --- [restartedMain] c.n.community.CommunityApplication       : Starting CommunityApplication using Java 11.0.4 on 沉迷代码日渐消瘦 with PID 9632 (E:\nowcoder\woekspace\community\target\classes started by 22170 in E:\nowcoder\woekspace\community)
2021-11-22 16:26:51.894 DEBUG 9632 --- [restartedMain] c.n.community.CommunityApplication       : Running with Spring Boot v2.6.0, Spring v5.3.13
2021-11-22 16:26:51.896  INFO 9632 --- [restartedMain] c.n.community.CommunityApplication       : No active profile set, falling back to default profiles: default
2021-11-22 16:26:52.026  INFO 9632 --- [restartedMain] .e.DevToolsPropertyDefaultsPostProcessor : Devtools property defaults active! Set 'spring.devtools.add-properties' to 'false' to disable
2021-11-22 16:26:52.035  INFO 9632 --- [restartedMain] .e.DevToolsPropertyDefaultsPostProcessor : For additional web related logging consider setting the 'logging.level.web' property to 'DEBUG'
2021-11-22 16:26:53.894  INFO 9632 --- [restartedMain] o.s.b.w.embedded.tomcat.TomcatWebServer  : Tomcat initialized with port(s): 8080 (http)
2021-11-22 16:26:53.907  INFO 9632 --- [restartedMain] o.apache.catalina.core.StandardService   : Starting service [Tomcat]
2021-11-22 16:26:53.908  INFO 9632 --- [restartedMain] org.apache.catalina.core.StandardEngine  : Starting Servlet engine: [Apache Tomcat/9.0.55]
2021-11-22 16:26:54.042  INFO 9632 --- [restartedMain] o.a.c.c.C.[.[localhost].[/community]     : Initializing Spring embedded WebApplicationContext
2021-11-22 16:26:54.043  INFO 9632 --- [restartedMain] w.s.c.ServletWebServerApplicationContext : Root WebApplicationContext: initialization completed in 2005 ms
2021-11-22 16:26:54.793  INFO 9632 --- [restartedMain] o.s.b.a.w.s.WelcomePageHandlerMapping    : Adding welcome page template: index
2021-11-22 16:26:55.043  INFO 9632 --- [restartedMain] o.s.b.d.a.OptionalLiveReloadServer       : LiveReload server is running on port 35729
2021-11-22 16:26:55.105  INFO 9632 --- [restartedMain] o.s.b.w.embedded.tomcat.TomcatWebServer  : Tomcat started on port(s): 8080 (http) with context path '/community'
2021-11-22 16:26:55.129  INFO 9632 --- [restartedMain] c.n.community.CommunityApplication       : Started CommunityApplication in 4.17 seconds (JVM running for 6.497)
2021-11-22 16:28:01.918  INFO 22272 --- [restartedMain] c.n.community.CommunityApplication       : Starting CommunityApplication using Java 11.0.4 on 沉迷代码日渐消瘦 with PID 22272 (E:\nowcoder\woekspace\community\target\classes started by 22170 in E:\nowcoder\woekspace\community)
2021-11-22 16:28:01.922 DEBUG 22272 --- [restartedMain] c.n.community.CommunityApplication       : Running with Spring Boot v2.6.0, Spring v5.3.13
2021-11-22 16:28:01.923  INFO 22272 --- [restartedMain] c.n.community.CommunityApplication       : No active profile set, falling back to default profiles: default
2021-11-22 16:28:02.026  INFO 22272 --- [restartedMain] .e.DevToolsPropertyDefaultsPostProcessor : Devtools property defaults active! Set 'spring.devtools.add-properties' to 'false' to disable
2021-11-22 16:28:02.033  INFO 22272 --- [restartedMain] .e.DevToolsPropertyDefaultsPostProcessor : For additional web related logging consider setting the 'logging.level.web' property to 'DEBUG'
2021-11-22 16:28:03.532  INFO 22272 --- [restartedMain] o.s.b.w.embedded.tomcat.TomcatWebServer  : Tomcat initialized with port(s): 8080 (http)
2021-11-22 16:28:03.543  INFO 22272 --- [restartedMain] o.apache.catalina.core.StandardService   : Starting service [Tomcat]
2021-11-22 16:28:03.543  INFO 22272 --- [restartedMain] org.apache.catalina.core.StandardEngine  : Starting Servlet engine: [Apache Tomcat/9.0.55]
2021-11-22 16:28:03.660  INFO 22272 --- [restartedMain] o.a.c.c.C.[.[localhost].[/community]     : Initializing Spring embedded WebApplicationContext
2021-11-22 16:28:03.660  INFO 22272 --- [restartedMain] w.s.c.ServletWebServerApplicationContext : Root WebApplicationContext: initialization completed in 1626 ms
2021-11-22 16:28:04.225  INFO 22272 --- [restartedMain] o.s.b.a.w.s.WelcomePageHandlerMapping    : Adding welcome page template: index
2021-11-22 16:28:04.430  INFO 22272 --- [restartedMain] o.s.b.d.a.OptionalLiveReloadServer       : LiveReload server is running on port 35729
2021-11-22 16:28:04.474  INFO 22272 --- [restartedMain] o.s.b.w.embedded.tomcat.TomcatWebServer  : Tomcat started on port(s): 8080 (http) with context path '/community'
2021-11-22 16:28:04.490  INFO 22272 --- [restartedMain] c.n.community.CommunityApplication       : Started CommunityApplication in 3.257 seconds (JVM running for 5.095)
